01-07 05:23:15 com_github_MitjaNemec_ReplicateLayout.action_replicate_layout 392:Plugin executed on: 'win32'
01-07 05:23:15 com_github_MitjaNemec_ReplicateLayout.action_replicate_layout 393:Plugin executed with python version: '3.9.14 (main, Feb 13 2023, 04:48:26) [MSC v.1934 64 bit (AMD64)]'
01-07 05:23:15 com_github_MitjaNemec_ReplicateLayout.action_replicate_layout 394:KiCad build version: 7.0.1
01-07 05:23:15 com_github_MitjaNemec_ReplicateLayout.action_replicate_layout 395:Plugin version: 2.1.3
01-07 05:23:15 com_github_MitjaNemec_ReplicateLayout.action_replicate_layout 396:Frame repr: <wx._core.Frame object at 0x00000228608E4790>
01-07 05:23:15 com_github_MitjaNemec_ReplicateLayout.action_replicate_layout 420:Preparing replicator with IC6 as a reference
01-07 05:23:15 com_github_MitjaNemec_ReplicateLayout.replicate_layout 117:getting a list of all footprints on board
01-07 05:23:15 com_github_MitjaNemec_ReplicateLayout.action_replicate_layout 468:source anchor footprint is 'IC6'
Located on: ['Motor Control Right']
With filenames: ['MotorControl.kicad_sch']
With sheet_id:['Motor Control Right']
01-07 05:23:15 com_github_MitjaNemec_ReplicateLayout.action_replicate_layout 475:Corresponding footprints are 
[('IC7', ['Motor Control Left']), ('IC6', ['Motor Control Right'])]
01-07 05:23:15 com_github_MitjaNemec_ReplicateLayout.action_replicate_layout 487:Showing dialog
01-07 05:23:15 com_github_MitjaNemec_ReplicateLayout.replicate_layout 424:constructing a list of sheets suitable for replication on level:'Motor Control Right', file:'MotorControl.kicad_sch'
01-07 05:23:15 com_github_MitjaNemec_ReplicateLayout.replicate_layout 461:suitable sheets are:[['Motor Control Left']]
01-07 05:23:15 com_github_MitjaNemec_ReplicateLayout.replicate_layout 1464:Level selected: ['Motor Control Right']
01-07 05:23:15 com_github_MitjaNemec_ReplicateLayout.replicate_layout 1299:Filtering list of tracks
01-07 05:23:15 com_github_MitjaNemec_ReplicateLayout.action_replicate_layout 493:Toolbar position: wx.Point(3803, 80)
01-07 05:23:15 com_github_MitjaNemec_ReplicateLayout.action_replicate_layout 498:Dialog position: wx.Point(3364, 80)
01-07 05:23:20 com_github_MitjaNemec_ReplicateLayout.replicate_layout 424:constructing a list of sheets suitable for replication on level:'Motor Control Right', file:'MotorControl.kicad_sch'
01-07 05:23:20 com_github_MitjaNemec_ReplicateLayout.replicate_layout 461:suitable sheets are:[['Motor Control Left']]
01-07 05:23:20 com_github_MitjaNemec_ReplicateLayout.action_replicate_layout 240:Replicating layout
01-07 05:23:20 com_github_MitjaNemec_ReplicateLayout.replicate_layout 240:Starting replication of sheets: [['Motor Control Left']]
on level: ['Motor Control Right']
with tracks=True, zone=True, text=True, text=True, intersecting=False, remove=False, locked footprints=False, group_only=False
01-07 05:23:20 root 332:updating GUI message: 'Preparing for replication'
01-07 05:23:20 root 337:updating GUI with: 0
01-07 05:23:20 com_github_MitjaNemec_ReplicateLayout.replicate_layout 310:Getting the list of source footprints
01-07 05:23:20 com_github_MitjaNemec_ReplicateLayout.replicate_layout 320:Getting the list of all the remaining footprints
01-07 05:23:20 com_github_MitjaNemec_ReplicateLayout.replicate_layout 327:Getting source tracks
01-07 05:23:20 com_github_MitjaNemec_ReplicateLayout.replicate_layout 1299:Filtering list of tracks
01-07 05:23:20 com_github_MitjaNemec_ReplicateLayout.replicate_layout 331:Getting source zones
01-07 05:23:20 com_github_MitjaNemec_ReplicateLayout.replicate_layout 335:Getting source text items
01-07 05:23:20 com_github_MitjaNemec_ReplicateLayout.replicate_layout 339:Getting source drawing items
01-07 05:23:20 root 332:updating GUI message: 'Replicating footprints'
01-07 05:23:20 com_github_MitjaNemec_ReplicateLayout.replicate_layout 806:Replicating footprints
01-07 05:23:20 com_github_MitjaNemec_ReplicateLayout.replicate_layout 813:Replicating footprints on sheet ['Motor Control Left']
01-07 05:23:20 root 332:updating GUI message: 'Replicating tracks'
01-07 05:23:20 com_github_MitjaNemec_ReplicateLayout.replicate_layout 977:Replicating tracks
01-07 05:23:20 com_github_MitjaNemec_ReplicateLayout.replicate_layout 983:Replicating tracks on sheet ['Motor Control Left']
01-07 05:23:20 com_github_MitjaNemec_ReplicateLayout.replicate_layout 766:Net pairs for sheet ['Motor Control Left'] :[('+3.3V', '+3.3V'), ('/M_LEFT+', '/M_LEFT+'), ('/M_LEFT-', '/M_LEFT-'), ('/Motor Control Right/PWMF', '/Motor Control Left/PWMF'), ('/Motor Control Right/DIRECTION', '/Motor Control Left/DIRECTION'), ('/Motor Control Right/PWMR', '/Motor Control Left/PWMR'), ('/Motor Control Right/PWM', '/Motor Control Left/PWM'), ('+BATT', '+BATT'), ('/Motor Control Left/~{SLEEP}', '/Motor Control Left/~{SLEEP}'), ('GND', 'GND')]
01-07 05:23:20 root 337:updating GUI with: 16
01-07 05:23:20 root 332:updating GUI message: 'Replicating zones'
01-07 05:23:20 com_github_MitjaNemec_ReplicateLayout.replicate_layout 1047:Replicating zones
01-07 05:23:20 com_github_MitjaNemec_ReplicateLayout.replicate_layout 1054:Replicating zones on sheet ['Motor Control Left']
01-07 05:23:20 com_github_MitjaNemec_ReplicateLayout.replicate_layout 766:Net pairs for sheet ['Motor Control Left'] :[('+3.3V', '+3.3V'), ('/M_LEFT+', '/M_LEFT+'), ('/M_LEFT-', '/M_LEFT-'), ('/Motor Control Right/PWMF', '/Motor Control Left/PWMF'), ('/Motor Control Right/DIRECTION', '/Motor Control Left/DIRECTION'), ('/Motor Control Right/PWMR', '/Motor Control Left/PWMR'), ('/Motor Control Right/PWM', '/Motor Control Left/PWM'), ('+BATT', '+BATT'), ('/Motor Control Left/~{SLEEP}', '/Motor Control Left/~{SLEEP}'), ('GND', 'GND')]
01-07 05:23:20 root 332:updating GUI message: 'Replicating text'
01-07 05:23:20 com_github_MitjaNemec_ReplicateLayout.replicate_layout 1136:Replicating text
01-07 05:23:20 com_github_MitjaNemec_ReplicateLayout.replicate_layout 1143:Replicating text on sheet ['Motor Control Left']
01-07 05:23:20 root 332:updating GUI message: 'Replicating drawings'
01-07 05:23:20 com_github_MitjaNemec_ReplicateLayout.replicate_layout 1187:Replicating drawings
01-07 05:23:20 com_github_MitjaNemec_ReplicateLayout.replicate_layout 1193:Replicating drawings on sheet ['Motor Control Left']
01-07 05:23:21 com_github_MitjaNemec_ReplicateLayout.action_replicate_layout 256:Replication complete
